── Attaching packages ─────────────────────────────────────── tidyverse 1.3.1 ──
✔ ggplot2 3.3.5     ✔ purrr   0.3.4
✔ tibble  3.1.4     ✔ dplyr   1.0.7
✔ tidyr   1.1.3     ✔ stringr 1.4.0
✔ readr   2.0.1     ✔ forcats 0.5.1
── Conflicts ────────────────────────────────────────── tidyverse_conflicts() ──
✖ dplyr::filter() masks stats::filter()
✖ dplyr::lag()    masks stats::lag()
Loading required package: StanHeaders
rstan (Version 2.21.2, GitRev: 2e1f913d3ca3)
For execution on a local, multicore CPU with excess RAM we recommend calling
options(mc.cores = parallel::detectCores()).
To avoid recompilation of unchanged Stan programs, we recommend calling
rstan_options(auto_write = TRUE)

Attaching package: ‘rstan’

The following object is masked from ‘package:tidyr’:

    extract

 [1] "EVENT_WOBA"           "WOBA_CUMU_BAT"        "WOBA_CUMU_PIT"       
 [4] "HAND_MATCH"           "BAT_HOME_IND"         "PIT_REST"            
 [7] "DAYS_SINCE_SZN_START" "IN_DIV"               "IN_LEAGUE"           
[10] "PITCH_COUNT_CUMU"     "FIELD_POS"            "OUTS_CT"             
[13] "ORDER_CT"             "BATTER_IDX"          
make cmd is
  make -f '/usr/local/R-4.0.4/lib64/R/etc/Makeconf' -f '/usr/local/R-4.0.4/lib64/R/share/make/shlib.mk' -f '/home/stat/ryguy123/.R/Makevars' CXX='$(CXX14) $(CXX14STD)' CXXFLAGS='$(CXX14FLAGS)' CXXPICFLAGS='$(CXX14PICFLAGS)' SHLIB_LDFLAGS='$(SHLIB_CXX14LDFLAGS)' SHLIB_LD='$(SHLIB_CXX14LD)' SHLIB='file75cc34221ea0.so' OBJECTS='file75cc34221ea0.o'

make would use
g++ -std=gnu++14 -I"/usr/local/R-4.0.4/lib64/R/include" -DNDEBUG   -I"/home/stat/ryguy123/R/x86_64-pc-linux-gnu-library/4.0/Rcpp/include/"  -I"/home/stat/ryguy123/R/x86_64-pc-linux-gnu-library/4.0/RcppEigen/include/"  -I"/home/stat/ryguy123/R/x86_64-pc-linux-gnu-library/4.0/RcppEigen/include/unsupported"  -I"/home/stat/ryguy123/R/x86_64-pc-linux-gnu-library/4.0/BH/include" -I"/home/stat/ryguy123/R/x86_64-pc-linux-gnu-library/4.0/StanHeaders/include/src/"  -I"/home/stat/ryguy123/R/x86_64-pc-linux-gnu-library/4.0/StanHeaders/include/"  -I"/home/stat/ryguy123/R/x86_64-pc-linux-gnu-library/4.0/RcppParallel/include/"  -I"/home/stat/ryguy123/R/x86_64-pc-linux-gnu-library/4.0/rstan/include" -DEIGEN_NO_DEBUG  -DBOOST_DISABLE_ASSERTS  -DBOOST_PENDING_INTEGER_LOG2_HPP  -DSTAN_THREADS  -DBOOST_NO_AUTO_PTR  -include '/home/stat/ryguy123/R/x86_64-pc-linux-gnu-library/4.0/StanHeaders/include/stan/math/prim/mat/fun/Eigen.hpp'  -D_REENTRANT -DRCPP_PARALLEL_USE_TBB=1   -I/usr/local/include   -fpic  -g -O2  -O3 -mtune=native -arch x86_64 -ftemplate-depth-256 -c file75cc34221ea0.cpp -o file75cc34221ea0.o
if test  "zfile75cc34221ea0.o" != "z"; then \
  echo g++ -std=gnu++14 -shared -L"/usr/local/R-4.0.4/lib64/R/lib" -L/usr/local/lib64 -o file75cc34221ea0.so file75cc34221ea0.o  '/home/stat/ryguy123/R/x86_64-pc-linux-gnu-library/4.0/rstan/lib//libStanServices.a' -L'/home/stat/ryguy123/R/x86_64-pc-linux-gnu-library/4.0/StanHeaders/lib/' -lStanHeaders -L'/home/stat/ryguy123/R/x86_64-pc-linux-gnu-library/4.0/RcppParallel/lib/' -ltbb  -L"/usr/local/R-4.0.4/lib64/R/lib" -lR; \
  g++ -std=gnu++14 -shared -L"/usr/local/R-4.0.4/lib64/R/lib" -L/usr/local/lib64 -o file75cc34221ea0.so file75cc34221ea0.o  '/home/stat/ryguy123/R/x86_64-pc-linux-gnu-library/4.0/rstan/lib//libStanServices.a' -L'/home/stat/ryguy123/R/x86_64-pc-linux-gnu-library/4.0/StanHeaders/lib/' -lStanHeaders -L'/home/stat/ryguy123/R/x86_64-pc-linux-gnu-library/4.0/RcppParallel/lib/' -ltbb  -L"/usr/local/R-4.0.4/lib64/R/lib" -lR; \
fi
Error in compileCode(f, code, language = language, verbose = verbose) : 
  g++: error: x86_64: No such file or directoryg++: error: unrecognized command line option ‘-arch’make: *** [file75cc34221ea0.o] Error 1
Calls: stan_model ... cxxfunctionplus -> <Anonymous> -> cxxfunction -> compileCode
Error in sink(type = "output") : invalid connection
Calls: stan_model -> cxxfunctionplus -> sink
Execution halted
