── Attaching packages ─────────────────────────────────────── tidyverse 1.3.1 ──
✔ ggplot2 3.3.5     ✔ purrr   0.3.4
✔ tibble  3.1.4     ✔ dplyr   1.0.7
✔ tidyr   1.1.3     ✔ stringr 1.4.0
✔ readr   2.0.1     ✔ forcats 0.5.1
── Conflicts ────────────────────────────────────────── tidyverse_conflicts() ──
✖ dplyr::filter() masks stats::filter()
✖ dplyr::lag()    masks stats::lag()
Loading required package: StanHeaders
rstan (Version 2.21.2, GitRev: 2e1f913d3ca3)
For execution on a local, multicore CPU with excess RAM we recommend calling
options(mc.cores = parallel::detectCores()).
To avoid recompilation of unchanged Stan programs, we recommend calling
rstan_options(auto_write = TRUE)

Attaching package: ‘rstan’

The following object is masked from ‘package:tidyr’:

    extract

Rows: 1130067 Columns: 12
── Column specification ────────────────────────────────────────────────────────
Delimiter: ","
dbl (12): YEAR, std_EVENT_WOBA_19, std_WOBA_FINAL_BAT_19, std_WOBA_FINAL_PIT...

ℹ Use `spec()` to retrieve the full column specification for this data.
ℹ Specify the column types or set `show_col_types = FALSE` to quiet this message.

SAMPLING FOR MODEL 'tto2_1.stan' NOW (CHAIN 1).
Chain 1: 
Chain 1: Gradient evaluation took 0.47 seconds
Chain 1: 1000 transitions using 10 leapfrog steps per transition would take 4700 seconds.
Chain 1: Adjust your expectations accordingly!
Chain 1: 
Chain 1: 
Chain 1: Iteration:    1 / 1500 [  0%]  (Warmup)
Chain 1: Iteration:  150 / 1500 [ 10%]  (Warmup)
Chain 1: Iteration:  300 / 1500 [ 20%]  (Warmup)
Chain 1: Iteration:  450 / 1500 [ 30%]  (Warmup)
Chain 1: Iteration:  600 / 1500 [ 40%]  (Warmup)
Chain 1: Iteration:  750 / 1500 [ 50%]  (Warmup)
Chain 1: Iteration:  751 / 1500 [ 50%]  (Sampling)
Chain 1: Iteration:  900 / 1500 [ 60%]  (Sampling)
Chain 1: Iteration: 1050 / 1500 [ 70%]  (Sampling)
Chain 1: Iteration: 1200 / 1500 [ 80%]  (Sampling)
Chain 1: Iteration: 1350 / 1500 [ 90%]  (Sampling)
Chain 1: Iteration: 1500 / 1500 [100%]  (Sampling)
Chain 1: 
Chain 1:  Elapsed Time: 10457 seconds (Warm-up)
Chain 1:                4952.25 seconds (Sampling)
Chain 1:                15409.2 seconds (Total)
Chain 1: 
No id variables; using all as measure variables
Saving 7 x 7 in image
